
ASEM-51 V1.3                                         Copyright (c) 2002 by W.W. Heinz                                         PAGE 1





       MCS-51 Family Macro Assembler   A S E M - 5 1   V 1.3
       =====================================================



	Source File:	H:\HAMMMAS.asm
	Object File:	H:\HAMMMAS.hex
	List File:	H:\HAMMMAS.lst



 Line  I  Addr  Code            Source

    1:		N      0000	ORG 00H
    2:	  0000			AGAIN2:
    3:	  0000	7E 00		     MOV R6,#0
    4:	  0002			G:
    5:	  0002	7D 00		     MOV R5,#0
    6:	  0004			AGAIN6 :
    7:	  0004	7C 00		     MOV R4,#0
    8:	  0006			AGAIN5:
    9:	  0006	7B 00		     MOV R3,#0
   10:	  0008			AGAIN4:
   11:
   12:	  0008	75 80 00	      MOV P0,#00H
   13:	  000B	79 00		      MOV R1,#0
   14:	  000D	7A 00		      MOV R2,#0
   15:	  000F			   AGAIN3 :
   16:	  000F	79 00		      MOV R1,#0
   17:	  0011			      AGAIN:
   18:	  0011	12 00 84	      LCALL DIS
   19:	  0014	12 00 84	      LCALL DIS
   20:	  0017	09		      INC R1
   21:	  0018	B9 0A F6	      CJNE R1,#10,AGAIN
   22:	  001B	0A		      INC R2
   23:	  001C	BA 06 F0	      CJNE R2,#6,AGAIN3
   24:	  001F	0B		      INC R3
   25:	  0020	BB 0A E5	      CJNE R3,#10,AGAIN4
   26:	  0023	0C		      INC R4
   27:	  0024	BC 06 DF	      CJNE R4,#6,AGAIN5
   28:	  0027	0D		      INC R5
   29:	  0028	BD 0A D9	      CJNE R5,#10,AGAIN6
   30:	  002B	0E		      INC R6
   31:	  002C	BE 03 D3	      CJNE R6,#3,G
   32:	  002F	80 CF		      SJMP AGAIN2
   33:
   34:	  0031			    DELAY :
   35:
   36:	  0031	78 FF		          MOV R0,#0FFH
   37:	  0033	D8 FE		       AA:DJNZ R0,AA
   38:	  0035	22		          RET
   39:	  0036			      B1:
   40:	  0036	C2 A0		         CLR P2.0
   41:	  0038	C2 A1		         CLR P2.1
   42:	  003A	C2 A2		         CLR P2.2
   43:	  003C	C2 A4		         CLR P2.4

ASEM-51 V1.3                                         Copyright (c) 2002 by W.W. Heinz                                         PAGE 2



 Line  I  Addr  Code            Source

   44:	  003E	C2 A5		         CLR P2.5
   45:	  0040	D2 A3		         SETB P2.3
   46:	  0042	22		         RET
   47:	  0043			      B2:
   48:	  0043	C2 A0		         CLR P2.0
   49:	  0045	C2 A1		         CLR P2.1
   50:	  0047	C2 A3		         CLR P2.3
   51:	  0049	C2 A4		         CLR P2.4
   52:	  004B	C2 A5		         CLR P2.5
   53:	  004D	D2 A2		         SETB P2.2
   54:	  004F	22		         RET
   55:	  0050			      B3:
   56:	  0050	C2 A0		         CLR P2.0
   57:	  0052	C2 A2		         CLR P2.2
   58:	  0054	C2 A3		         CLR P2.3
   59:	  0056	C2 A4		         CLR P2.4
   60:	  0058	C2 A5		         CLR P2.5
   61:	  005A	D2 A1		         SETB P2.1
   62:	  005C	22		         RET
   63:	  005D			      B4:
   64:	  005D	C2 A1		         CLR P2.1
   65:	  005F	C2 A2		         CLR P2.2
   66:	  0061	C2 A3		         CLR P2.3
   67:	  0063	C2 A4		         CLR P2.4
   68:	  0065	C2 A5		         CLR P2.5
   69:	  0067	D2 A0		         SETB P2.0
   70:	  0069	22		         RET
   71:	  006A			      B5:
   72:	  006A	C2 A1		         CLR P2.1
   73:	  006C	C2 A2		         CLR P2.2
   74:	  006E	C2 A3		         CLR P2.3
   75:	  0070	C2 A0		         CLR P2.0
   76:	  0072	C2 A5		         CLR P2.5
   77:	  0074	D2 A4		         SETB P2.4
   78:	  0076	22		         RET
   79:	  0077			      B6:
   80:	  0077	C2 A1		         CLR P2.1
   81:	  0079	C2 A2		         CLR P2.2
   82:	  007B	C2 A3		         CLR P2.3
   83:	  007D	C2 A4		         CLR P2.4
   84:	  007F	C2 A0		         CLR P2.0
   85:	  0081	D2 A5		         SETB P2.5
   86:	  0083	22		         RET
   87:	  0084			      DIS:
   88:
   89:	  0084	7F FF		      MOV R7,#0FFH
   90:	  0086			      AO:
   91:	  0086	90 01 00	      MOV DPTR,#100H
   92:	  0089	E9		      MOV A,R1
   93:	  008A	93		      MOVC A,@A+DPTR
   94:	  008B	12 00 36	      LCALL B1
   95:	  008E	F5 80		      MOV P0,A
   96:	  0090	12 00 31	      LCALL DELAY
   97:	  0093	90 01 50	      MOV DPTR,#150H
   98:	  0096	EA		      MOV A,R2
   99:	  0097	93		      MOVC A,@A+DPTR

ASEM-51 V1.3                                         Copyright (c) 2002 by W.W. Heinz                                         PAGE 3



 Line  I  Addr  Code            Source

  100:	  0098	12 00 43	      LCALL B2
  101:	  009B	F5 80		      MOV P0,A
  102:	  009D	12 00 31	      LCALL DELAY
  103:	  00A0	90 01 00	      MOV DPTR,#100H
  104:	  00A3	EB		      MOV A,R3
  105:	  00A4	93		      MOVC A,@A+DPTR
  106:	  00A5	12 00 50	      LCALL B3
  107:	  00A8	F5 80		      MOV P0,A
  108:	  00AA	12 00 31	      LCALL DELAY
  109:	  00AD	90 01 50	      MOV DPTR,#150H
  110:	  00B0	EC		      MOV A,R4
  111:	  00B1	93		      MOVC A,@A+DPTR
  112:	  00B2	12 00 5D	      LCALL B4
  113:	  00B5	F5 80		      MOV P0,A
  114:	  00B7	12 00 31	      LCALL DELAY
  115:	  00BA	90 01 00	      MOV DPTR,#100H
  116:	  00BD	ED		      MOV A,R5
  117:	  00BE	93		      MOVC A,@A+DPTR
  118:	  00BF	12 00 6A	      LCALL B5
  119:	  00C2	F5 80		      MOV P0,A
  120:	  00C4	12 00 31	      LCALL DELAY
  121:	  00C7	90 01 50	      MOV DPTR,#150H
  122:	  00CA	EE		      MOV A,R6
  123:	  00CB	93		      MOVC A,@A+DPTR
  124:	  00CC	12 00 77	      LCALL B6
  125:	  00CF	F5 80		      MOV P0,A
  126:	  00D1	12 00 31	      LCALL DELAY
  127:	  00D4	DF B0		      DJNZ R7,AO
  128:	  00D6	22		      RET
  129:		N      0100	ORG 100H
  130:	  0100	90		DB 10010000B
  131:	  0101	D7		DB 11010111B
  132:	  0102	8C		DB 10001100B
  133:	  0103	85		DB 10000101B
  134:	  0104	C3		DB 11000011B
  135:	  0105	A1		DB 10100001B
  136:	  0106	A0		DB 10100000B
  137:	  0107	97		DB 10010111B
  138:	  0108	80		DB 10000000B
  139:	  0109	83		DB 10000011B
  140:		N      0150	ORG 150H
  141:	  0150	90		DB 10010000B
  142:	  0151	D7		DB 11010111B
  143:	  0152	8C		DB 10001100B
  144:	  0153	85		DB 10000101B
  145:	  0154	C3		DB 11000011B
  146:	  0155	A1		DB 10100001B
  147:				END





                     register banks used:  ---

                     no errors

ASEM-51 V1.3                                         Copyright (c) 2002 by W.W. Heinz                                         PAGE 4







ASEM-51 V1.3                                         Copyright (c) 2002 by W.W. Heinz                                         PAGE 5





	       L I S T   O F   S Y M B O L S
	       =============================


SYMBOL				  TYPE     VALUE	LINE
------------------------------------------------------------
??ASEM_51			  NUMBER    8051
??VERSION			  NUMBER    0130
AA				  CODE	    0033	  37
AC				  BIT	      D6
ACC				  DATA	      E0
AGAIN				  CODE	    0011	  17
AGAIN2				  CODE	    0000	   2
AGAIN3				  CODE	    000F	  15
AGAIN4				  CODE	    0008	  10
AGAIN5				  CODE	    0006	   8
AGAIN6				  CODE	    0004	   6
AO				  CODE	    0086	  90
B				  DATA	      F0
B1				  CODE	    0036	  39
B2				  CODE	    0043	  47
B3				  CODE	    0050	  55
B4				  CODE	    005D	  63
B5				  CODE	    006A	  71
B6				  CODE	    0077	  79
CY				  BIT	      D7
DELAY				  CODE	    0031	  34
DIS				  CODE	    0084	  87
DPH				  DATA	      83
DPL				  DATA	      82
EA				  BIT	      AF
ES				  BIT	      AC
ET0				  BIT	      A9
ET1				  BIT	      AB
EX0				  BIT	      A8
EX1				  BIT	      AA
EXTI0				  CODE	    0003
EXTI1				  CODE	    0013
F0				  BIT	      D5
G				  CODE	    0002	   4
IE				  DATA	      A8
IE0				  BIT	      89
IE1				  BIT	      8B
INT0				  BIT	      B2
INT1				  BIT	      B3
IP				  DATA	      B8
IT0				  BIT	      88
IT1				  BIT	      8A
OV				  BIT	      D2
P				  BIT	      D0
P0				  DATA	      80
P1				  DATA	      90
P2				  DATA	      A0
P3				  DATA	      B0
PCON				  DATA	      87
PS				  BIT	      BC

ASEM-51 V1.3                                         Copyright (c) 2002 by W.W. Heinz                                         PAGE 6



SYMBOL				  TYPE     VALUE	LINE
------------------------------------------------------------
PSW				  DATA	      D0
PT0				  BIT	      B9
PT1				  BIT	      BB
PX0				  BIT	      B8
PX1				  BIT	      BA
RB8				  BIT	      9A
RD				  BIT	      B7
REN				  BIT	      9C
RESET				  CODE	    0000
RI				  BIT	      98
RS0				  BIT	      D3
RS1				  BIT	      D4
RXD				  BIT	      B0
SBUF				  DATA	      99
SCON				  DATA	      98
SINT				  CODE	    0023
SM0				  BIT	      9F
SM1				  BIT	      9E
SM2				  BIT	      9D
SP				  DATA	      81
T0				  BIT	      B4
T1				  BIT	      B5
TB8				  BIT	      9B
TCON				  DATA	      88
TF0				  BIT	      8D
TF1				  BIT	      8F
TH0				  DATA	      8C
TH1				  DATA	      8D
TI				  BIT	      99
TIMER0				  CODE	    000B
TIMER1				  CODE	    001B
TL0				  DATA	      8A
TL1				  DATA	      8B
TMOD				  DATA	      89
TR0				  BIT	      8C
TR1				  BIT	      8E
TXD				  BIT	      B1
WR				  BIT	      B6
