
ASEM-51 V1.3                                         Copyright (c) 2002 by W.W. Heinz                                         PAGE 1





       MCS-51 Family Macro Assembler   A S E M - 5 1   V 1.3
       =====================================================



	Source File:	C:\Users\Hamas Saeed\Desktop\u2017130 section A\ASSIGNMENT MICRO.asm
	Object File:	C:\Users\Hamas Saeed\Desktop\u2017130 section A\ASSIGNMENT MICRO.hex
	List File:	C:\Users\Hamas Saeed\Desktop\u2017130 section A\ASSIGNMENT MICRO.lst



 Line  I  Addr  Code            Source

    1:		N      0000	ORG 00H
    2:	  0000	02 00 30		LJMP MAIN
    3:		N      0003	ORG 03H
    4:	  0003	02 00 44		LJMP EXINT
    5:		N      000B	ORG 0BH
    6:	  000B	11 68			ACALL TIMER
    7:	  000D	22			RET
    8:		N      0030	ORG 30H
    9:	  0030			MAIN:
   10:	  0030	74 00		        MOV A,#0
   11:	  0032	90 04 00	        MOV DPTR ,#400H
   12:	  0035	75 89 12		MOV TMOD,#00010010B   ; TIMER 1 IN 16 BIT MODE AND TIMER 0 IN 8 BIT MODE
   13:	  0038	75 8C 06		MOV TH0,#-250
   14:	  003B	75 A8 83		MOV IE,#10000011B     ; ENABLING INTRUPT OF TIMER 0 AND EXT 0
   15:	  003E	D2 8C			SETB TR0
   16:	  0040	C2 A0			CLR P2.0	      ; SETING PORT LOW IN START SO MOTOR ALWAYS IN REST CONDITION WHEN PROG
				RAM START
   17:	  0042				H:
   18:	  0042	80 FE			SJMP H
   19:	  0044			EXINT:
   20:	  0044	11 7F		        ACALL DELAY           ; CALLING DELAY TO SAFELY INC A WITHOUT ANY ABNORMALITIES
   21:	  0046	04		        INC A
   22:	  0047	B4 01 06	        CJNE A,#1,ONE         ; 50%
   23:	  004A	79 83			MOV R1,#-125
   24:	  004C	7A 83			MOV R2,#-125
   25:	  004E	80 17			SJMP L
   26:	  0050	B4 02 06	ONE:	CJNE A,#2,TWO         ; 75%
   27:	  0053	79 51			MOV R1,#-175
   28:	  0055	7A B5			MOV R2,#-75
   29:	  0057	80 0E			SJMP L
   30:	  0059	B4 03 04		TWO:CJNE A,#3,THREE   ; 100%
   31:	  005C	D2 A0			SETB P2.0
   32:	  005E	80 07			SJMP L
   33:	  0060	B4 04 04		THREE:CJNE A,#4,F     ; 0%
   34:	  0063	C2 A0			CLR P2.0
   35:	  0065	74 00			MOV A,#0
   36:	  0067				F:
   37:	  0067				L:
   38:	  0067	32			RETI
   39:	  0068			TIMER:                        ;TIMER INTRUPT SUBROUTINE FIRST 2 CJNE CHECKING MOTOR HAVE FULL SPEED
				OR STOP
   40:	  0068	B4 00 02		CJNE A,#0,CH
   41:	  006B	80 11			SJMP FF

ASEM-51 V1.3                                         Copyright (c) 2002 by W.W. Heinz                                         PAGE 2



 Line  I  Addr  Code            Source

   42:	  006D	B4 03 02		CH:CJNE A,#3,CH1
   43:	  0070	80 0C			SJMP FF
   44:	  0072	20 A0 05		CH1:JB P2.0,HI        ;LOADING REQUIRED VALUE OF LOW AND HIGH PAR OF WAVE IN TIMER 0
   45:	  0075	8A 8C			MOV TH0,R2
   46:	  0077	D2 A0			SETB P2.0
   47:	  0079	32			RETI
   48:	  007A				HI:
   49:	  007A	89 8C			MOV TH0,R1
   50:	  007C	C2 A0			CLR P2.0
   51:	  007E				FF:
   52:	  007E	32			RETI
   53:	  007F			DELAY:                  ;GENERATING DELAY TO STOP UNREQUIRED INC OF A USING TIMER 1
   54:	  007F	7C 0A		MOV R4,#10
   55:	  0081	75 8D 3C	KK:MOV TH1,#3CH
   56:	  0084	75 8B B0	MOV TL1,#0B0H
   57:	  0087	D2 8E		SETB TR1
   58:	  0089	30 8F FD	JJ:JNB TF1,JJ
   59:	  008C	C2 8E		CLR TR1
   60:	  008E	C2 8F		CLR TF1
   61:	  0090	DC EF		DJNZ R4,KK
   62:	  0092	22		RET
   63:				END





                     register banks used:  ---

                     no errors




ASEM-51 V1.3                                         Copyright (c) 2002 by W.W. Heinz                                         PAGE 3





	       L I S T   O F   S Y M B O L S
	       =============================


SYMBOL				  TYPE     VALUE	LINE
------------------------------------------------------------
??ASEM_51			  NUMBER    8051
??VERSION			  NUMBER    0130
AC				  BIT	      D6
ACC				  DATA	      E0
B				  DATA	      F0
CH				  CODE	    006D	  42
CH1				  CODE	    0072	  44
CY				  BIT	      D7
DELAY				  CODE	    007F	  53
DPH				  DATA	      83
DPL				  DATA	      82
EA				  BIT	      AF
ES				  BIT	      AC
ET0				  BIT	      A9
ET1				  BIT	      AB
EX0				  BIT	      A8
EX1				  BIT	      AA
EXINT				  CODE	    0044	  19
EXTI0				  CODE	    0003
EXTI1				  CODE	    0013
F				  CODE	    0067	  36
F0				  BIT	      D5
FF				  CODE	    007E	  51
H				  CODE	    0042	  17
HI				  CODE	    007A	  48
IE				  DATA	      A8
IE0				  BIT	      89
IE1				  BIT	      8B
INT0				  BIT	      B2
INT1				  BIT	      B3
IP				  DATA	      B8
IT0				  BIT	      88
IT1				  BIT	      8A
JJ				  CODE	    0089	  58
KK				  CODE	    0081	  55
L				  CODE	    0067	  37
MAIN				  CODE	    0030	   9
ONE				  CODE	    0050	  26
OV				  BIT	      D2
P				  BIT	      D0
P0				  DATA	      80
P1				  DATA	      90
P2				  DATA	      A0
P3				  DATA	      B0
PCON				  DATA	      87
PS				  BIT	      BC
PSW				  DATA	      D0
PT0				  BIT	      B9
PT1				  BIT	      BB
PX0				  BIT	      B8

ASEM-51 V1.3                                         Copyright (c) 2002 by W.W. Heinz                                         PAGE 4



SYMBOL				  TYPE     VALUE	LINE
------------------------------------------------------------
PX1				  BIT	      BA
RB8				  BIT	      9A
RD				  BIT	      B7
REN				  BIT	      9C
RESET				  CODE	    0000
RI				  BIT	      98
RS0				  BIT	      D3
RS1				  BIT	      D4
RXD				  BIT	      B0
SBUF				  DATA	      99
SCON				  DATA	      98
SINT				  CODE	    0023
SM0				  BIT	      9F
SM1				  BIT	      9E
SM2				  BIT	      9D
SP				  DATA	      81
T0				  BIT	      B4
T1				  BIT	      B5
TB8				  BIT	      9B
TCON				  DATA	      88
TF0				  BIT	      8D
TF1				  BIT	      8F
TH0				  DATA	      8C
TH1				  DATA	      8D
THREE				  CODE	    0060	  33
TI				  BIT	      99
TIMER				  CODE	    0068	  39
TIMER0				  CODE	    000B
TIMER1				  CODE	    001B
TL0				  DATA	      8A
TL1				  DATA	      8B
TMOD				  DATA	      89
TR0				  BIT	      8C
TR1				  BIT	      8E
TWO				  CODE	    0059	  30
TXD				  BIT	      B1
WR				  BIT	      B6
